RES Cobol 2 Java alpha1.2(05/09/2010) - COPYRIGHT 2009
Options: cobolComments=true;cobolStatementsASComments=true;javaType=most;longDataPackageName=true;overwrite=true;sourceFormat=free;
Parsing Cobol started for: C:\Documents and Settings\Venkat\Desktop\RES\cobol\ACCEPT.cob
Translation to Java started.
The java classes are under the folder: C:\Documents and Settings\Venkat\Desktop\RES\cobol
Classes from translation of programs reside in the package: cobolprogramclasses
Classes from translation of data levels reside in the package: coboldataclasses
Done in 0s.

RES Cobol 2 Java alpha1.2(05/09/2010) - COPYRIGHT 2009
Options: cobolComments=true;cobolStatementsASComments=true;javaType=most;longDataPackageName=true;overwrite=true;
Parsing Cobol started for: C:\Documents and Settings\Venkat\Desktop\RES\cobol\Addition.cob
Translation to Java started.
The java classes are under the folder: C:\Documents and Settings\Venkat\Desktop\RES\cobol
Classes from translation of programs reside in the package: cobolprogramclasses
Classes from translation of data levels reside in the package: coboldataclasses
Done in 0s.

RES Cobol 2 Java alpha1.2(05/09/2010) - COPYRIGHT 2009
Options: cobolComments=true;cobolStatementsASComments=true;javaType=most;longDataPackageName=true;overwrite=true;
Parsing Cobol started for: C:\Documents and Settings\Venkat\Desktop\RES\cobol\Bubble-Sort.cob
Translation to Java started.
The java classes are under the folder: C:\Documents and Settings\Venkat\Desktop\RES\cobol
Classes from translation of programs reside in the package: cobolprogramclasses
Classes from translation of data levels reside in the package: coboldataclasses
Done in 0s.

RES Cobol 2 Java alpha1.2(05/09/2010) - COPYRIGHT 2009
Options: cobolComments=true;cobolStatementsASComments=true;javaType=most;longDataPackageName=true;overwrite=true;
Parsing Cobol started for: C:\Documents and Settings\Venkat\Desktop\RES\cobol\Bubble-Sort2.cob
Translation to Java started.
The java classes are under the folder: C:\Documents and Settings\Venkat\Desktop\RES\cobol
Classes from translation of programs reside in the package: cobolprogramclasses
Classes from translation of data levels reside in the package: coboldataclasses
Done in 0s.

RES Cobol 2 Java alpha1.2(05/09/2010) - COPYRIGHT 2009
Options: cobolComments=true;cobolStatementsASComments=true;javaType=most;longDataPackageName=true;overwrite=true;sourceFormat=free;
Parsing Cobol started for: C:\Documents and Settings\Venkat\Desktop\RES\cobol\conditions.cob
Translation to Java started.
The java classes are under the folder: C:\Documents and Settings\Venkat\Desktop\RES\cobol
Classes from translation of programs reside in the package: cobolprogramclasses
Classes from translation of data levels reside in the package: coboldataclasses
Done in 0s.

RES Cobol 2 Java alpha1.2(05/09/2010) - COPYRIGHT 2009
Options: cobolComments=true;cobolStatementsASComments=true;javaType=most;longDataPackageName=true;overwrite=true;
Parsing Cobol started for: C:\Documents and Settings\Venkat\Desktop\RES\cobol\DATET.COB
com.res.cobol.parser.ParseException: Encountered " <COBOL_WORD> "SCREEN "" at line 104, column 8.
Was expecting:
    <EOF> 
    
Errors encountered. Processing terminated.
Done in 0s.

RES Cobol 2 Java alpha1.2(05/09/2010) - COPYRIGHT 2009
Options: cobolComments=true;cobolStatementsASComments=true;javaType=most;longDataPackageName=true;overwrite=true;
Parsing Cobol started for: C:\Documents and Settings\Venkat\Desktop\RES\cobol\EXEC-SQL-RUN1.COB
Translation to Java started.
The java classes are under the folder: C:\Documents and Settings\Venkat\Desktop\RES\cobol
Classes from translation of programs reside in the package: cobolprogramclasses
Classes from translation of data levels reside in the package: coboldataclasses
Warning: 01 level Group SQLCA not translated. Using com.res.java.lib.Sqlca
Done in 0s.

RES Cobol 2 Java alpha1.2(05/09/2010) - COPYRIGHT 2009
Options: cobolComments=true;cobolStatementsASComments=true;javaType=most;longDataPackageName=true;overwrite=true;
Parsing Cobol started for: C:\Documents and Settings\Venkat\Desktop\RES\cobol\EXEC-SQL1.COB
Translation to Java started.
The java classes are under the folder: C:\Documents and Settings\Venkat\Desktop\RES\cobol
Classes from translation of programs reside in the package: cobolprogramclasses
Classes from translation of data levels reside in the package: coboldataclasses
Warning: 01 level Group SQLCA not translated. Using com.res.java.lib.Sqlca
Unknown Host Symbol in SQL: EMPNO
Done in 1s.

RES Cobol 2 Java alpha1.2(05/09/2010) - COPYRIGHT 2009
Options: cobolComments=true;cobolStatementsASComments=true;javaType=most;longDataPackageName=true;overwrite=true;
Parsing Cobol started for: C:\Documents and Settings\Venkat\Desktop\RES\cobol\EXEC-SQL1TEMP.COB
Translation to Java started.
The java classes are under the folder: C:\Documents and Settings\Venkat\Desktop\RES\cobol
Classes from translation of programs reside in the package: cobolprogramclasses
Classes from translation of data levels reside in the package: coboldataclasses
Done in 0s.

RES Cobol 2 Java alpha1.2(05/09/2010) - COPYRIGHT 2009
Options: cobolComments=true;cobolStatementsASComments=true;javaType=most;longDataPackageName=true;overwrite=true;
Warning: Invalid character / in column 7 of line 67. Treated as Comment.
Parsing Cobol started for: C:\Documents and Settings\Venkat\Desktop\RES\cobol\GETNUMT.COB
com.res.cobol.parser.ParseException: Encountered " <COBOL_WORD> "SCREEN "" at line 40, column 8.
Was expecting:
    <EOF> 
    
Errors encountered. Processing terminated.
Done in 0s.

RES Cobol 2 Java alpha1.2(05/09/2010) - COPYRIGHT 2009
Options: cobolComments=true;cobolStatementsASComments=true;javaType=most;longDataPackageName=true;overwrite=true;
Parsing Cobol started for: C:\Documents and Settings\Venkat\Desktop\RES\cobol\HelloWorld.cob
Translation to Java started.
The java classes are under the folder: C:\Documents and Settings\Venkat\Desktop\RES\cobol
Classes from translation of programs reside in the package: cobolprogramclasses
Classes from translation of data levels reside in the package: coboldataclasses
Done in 0s.

RES Cobol 2 Java alpha1.2(05/09/2010) - COPYRIGHT 2009
Options: cobolComments=true;cobolStatementsASComments=true;javaType=most;longDataPackageName=true;overwrite=true;
Parsing Cobol started for: C:\Documents and Settings\Venkat\Desktop\RES\cobol\HelloWorld1.cob
Translation to Java started.
The java classes are under the folder: C:\Documents and Settings\Venkat\Desktop\RES\cobol
Classes from translation of programs reside in the package: cobolprogramclasses
Classes from translation of data levels reside in the package: coboldataclasses
Warning: 01 level Group SQLCA not translated. Using com.res.java.lib.Sqlca
Done in 1s.

RES Cobol 2 Java alpha1.2(05/09/2010) - COPYRIGHT 2009
Options: cobolComments=true;cobolStatementsASComments=true;javaType=most;longDataPackageName=true;overwrite=true;
Parsing Cobol started for: C:\Documents and Settings\Venkat\Desktop\RES\cobol\INSPECT1.COB
Translation to Java started.
The java classes are under the folder: C:\Documents and Settings\Venkat\Desktop\RES\cobol
Classes from translation of programs reside in the package: cobolprogramclasses
Classes from translation of data levels reside in the package: coboldataclasses
Done in 0s.

RES Cobol 2 Java alpha1.2(05/09/2010) - COPYRIGHT 2009
Options: cobolComments=true;cobolStatementsASComments=true;javaType=most;longDataPackageName=true;overwrite=true;sourceFormat=free;
Parsing Cobol started for: C:\Documents and Settings\Venkat\Desktop\RES\cobol\IterIf.cob
Translation to Java started.
The java classes are under the folder: C:\Documents and Settings\Venkat\Desktop\RES\cobol
Classes from translation of programs reside in the package: cobolprogramclasses
Classes from translation of data levels reside in the package: coboldataclasses
Done in 0s.

RES Cobol 2 Java alpha1.2(05/09/2010) - COPYRIGHT 2009
Options: cobolComments=true;cobolStatementsASComments=true;javaType=most;longDataPackageName=true;overwrite=true;
Warning: Invalid character / in column 7 of line 119. Treated as Comment.
Parsing Cobol started for: C:\Documents and Settings\Venkat\Desktop\RES\cobol\LOANT.COB
com.res.cobol.parser.ParseException: Encountered " <COBOL_WORD> "SCREEN "" at line 46, column 8.
Was expecting:
    <EOF> 
    
Errors encountered. Processing terminated.
Done in 0s.

RES Cobol 2 Java alpha1.2(05/09/2010) - COPYRIGHT 2009
Options: cobolComments=true;cobolStatementsASComments=true;javaType=most;longDataPackageName=true;overwrite=true;
Parsing Cobol started for: C:\Documents and Settings\Venkat\Desktop\RES\cobol\MONEYT.COB
com.res.cobol.parser.ParseException: Encountered " "at" "AT "" at line 59, column 16.
Was expecting:
    <EOF> 
    
com.res.cobol.parser.ParseException: Encountered " "at" "AT "" at line 59, column 16.
Was expecting:
    <EOF> 
    
Errors encountered. Processing terminated.
Done in 0s.

RES Cobol 2 Java alpha1.2(05/09/2010) - COPYRIGHT 2009
Options: cobolComments=true;cobolStatementsASComments=true;javaType=most;longDataPackageName=true;overwrite=true;
Parsing Cobol started for: C:\Documents and Settings\Venkat\Desktop\RES\cobol\Move-Test1.cob
Translation to Java started.
The java classes are under the folder: C:\Documents and Settings\Venkat\Desktop\RES\cobol
Classes from translation of programs reside in the package: cobolprogramclasses
Classes from translation of data levels reside in the package: coboldataclasses
Done in 0s.

RES Cobol 2 Java alpha1.2(05/09/2010) - COPYRIGHT 2009
Options: cobolComments=true;cobolStatementsASComments=true;javaType=most;longDataPackageName=true;overwrite=true;sourceFormat=free;
Parsing Cobol started for: C:\Documents and Settings\Venkat\Desktop\RES\cobol\MULTIPLIER.cob
Translation to Java started.
The java classes are under the folder: C:\Documents and Settings\Venkat\Desktop\RES\cobol
Classes from translation of programs reside in the package: cobolprogramclasses
Classes from translation of data levels reside in the package: coboldataclasses
Done in 0s.

RES Cobol 2 Java alpha1.2(05/09/2010) - COPYRIGHT 2009
Options: cobolComments=true;cobolStatementsASComments=true;javaType=most;longDataPackageName=true;overwrite=true;
Warning: Invalid character / in column 7 of line 41. Treated as Comment.
Parsing Cobol started for: C:\Documents and Settings\Venkat\Desktop\RES\cobol\NAMET.COB
Translation to Java started.
The java classes are under the folder: C:\Documents and Settings\Venkat\Desktop\RES\cobol
Classes from translation of programs reside in the package: cobolprogramclasses
Classes from translation of data levels reside in the package: coboldataclasses
Done in 0s.

RES Cobol 2 Java alpha1.2(05/09/2010) - COPYRIGHT 2009
Options: cobolComments=true;cobolStatementsASComments=true;javaType=most;longDataPackageName=true;overwrite=true;sourceFormat=free;
Parsing Cobol started for: C:\Documents and Settings\Venkat\Desktop\RES\cobol\Perform1.cob
Translation to Java started.
The java classes are under the folder: C:\Documents and Settings\Venkat\Desktop\RES\cobol
Classes from translation of programs reside in the package: cobolprogramclasses
Classes from translation of data levels reside in the package: coboldataclasses
Done in 0s.

RES Cobol 2 Java alpha1.2(05/09/2010) - COPYRIGHT 2009
Options: cobolComments=true;cobolStatementsASComments=true;javaType=most;longDataPackageName=true;overwrite=true;sourceFormat=free;
Parsing Cobol started for: C:\Documents and Settings\Venkat\Desktop\RES\cobol\REFMODIFICATION.COB
Translation to Java started.
The java classes are under the folder: C:\Documents and Settings\Venkat\Desktop\RES\cobol
Classes from translation of programs reside in the package: cobolprogramclasses
Classes from translation of data levels reside in the package: coboldataclasses
Done in 0s.

RES Cobol 2 Java alpha1.2(05/09/2010) - COPYRIGHT 2009
Options: cobolComments=true;cobolStatementsASComments=true;javaType=most;longDataPackageName=true;overwrite=true;
Warning: Invalid character / in column 7 of line 92. Treated as Comment.
Parsing Cobol started for: C:\Documents and Settings\Venkat\Desktop\RES\cobol\SHELSRTT.COB
Translation to Java started.
The java classes are under the folder: C:\Documents and Settings\Venkat\Desktop\RES\cobol
Classes from translation of programs reside in the package: cobolprogramclasses
Classes from translation of data levels reside in the package: coboldataclasses
Done in 1s.

RES Cobol 2 Java alpha1.2(05/09/2010) - COPYRIGHT 2009
Options: cobolComments=true;cobolStatementsASComments=true;javaType=most;longDataPackageName=true;overwrite=true;sourceFormat=free;
Parsing Cobol started for: C:\Documents and Settings\Venkat\Desktop\RES\cobol\Shortest.cob
Translation to Java started.
The java classes are under the folder: C:\Documents and Settings\Venkat\Desktop\RES\cobol
Classes from translation of programs reside in the package: cobolprogramclasses
Classes from translation of data levels reside in the package: coboldataclasses
Done in 0s.

RES Cobol 2 Java alpha1.2(05/09/2010) - COPYRIGHT 2009
Options: cobolComments=true;cobolStatementsASComments=true;javaType=most;longDataPackageName=true;overwrite=true;sourceFormat=free;
Parsing Cobol started for: C:\Documents and Settings\Venkat\Desktop\RES\cobol\Acme99.CBL
Translation to Java started.
The java classes are under the folder: C:\Documents and Settings\Venkat\Desktop\RES\cobol
Classes from translation of programs reside in the package: cobolprogramclasses
Classes from translation of data levels reside in the package: coboldataclasses
Done in 1s.

RES Cobol 2 Java alpha1.2(05/09/2010) - COPYRIGHT 2009
Options: cobolComments=true;cobolStatementsASComments=true;javaType=most;longDataPackageName=true;overwrite=true;sourceFormat=free;
Parsing Cobol started for: C:\Documents and Settings\Venkat\Desktop\RES\cobol\AROMA96.CBL
com.res.cobol.parser.ParseException: Encountered " "working-storage" "WORKING-STORAGE "" at line 63, column 1.
Was expecting:
    <EOF> 
    
com.res.cobol.parser.ParseException: Encountered " "working-storage" "WORKING-STORAGE "" at line 63, column 1.
Was expecting:
    <EOF> 
    
Errors encountered. Processing terminated.
Done in 0s.

RES Cobol 2 Java alpha1.2(05/09/2010) - COPYRIGHT 2009
Options: cobolComments=true;cobolStatementsASComments=true;javaType=most;longDataPackageName=true;overwrite=true;sourceFormat=free;
Parsing Cobol started for: C:\Documents and Settings\Venkat\Desktop\RES\cobol\AromaSalesRpt.CBL
Translation to Java started.
The java classes are under the folder: C:\Documents and Settings\Venkat\Desktop\RES\cobol
Classes from translation of programs reside in the package: cobolprogramclasses
Classes from translation of data levels reside in the package: coboldataclasses
Done in 1s.

RES Cobol 2 Java alpha1.2(05/09/2010) - COPYRIGHT 2009
Options: cobolComments=true;cobolStatementsASComments=true;javaType=most;longDataPackageName=true;overwrite=true;sourceFormat=free;
Parsing Cobol started for: C:\Documents and Settings\Venkat\Desktop\RES\cobol\BestSellers.cbl
Translation to Java started.
The java classes are under the folder: C:\Documents and Settings\Venkat\Desktop\RES\cobol
Classes from translation of programs reside in the package: cobolprogramclasses
Classes from translation of data levels reside in the package: coboldataclasses
Done in 0s.

RES Cobol 2 Java alpha1.2(05/09/2010) - COPYRIGHT 2009
Options: cobolComments=true;cobolStatementsASComments=true;javaType=most;longDataPackageName=true;overwrite=true;sourceFormat=free;
Parsing Cobol started for: C:\Documents and Settings\Venkat\Desktop\RES\cobol\BookshopRpt91.Cbl
com.res.cobol.parser.ParseException: Encountered " "." ". "" at line 1, column 26.
Was expecting:
    <EOF> 
    
com.res.cobol.parser.ParseException: Encountered " "." ". "" at line 1, column 26.
Was expecting:
    <EOF> 
    
Errors encountered. Processing terminated.
Done in 0s.

RES Cobol 2 Java alpha1.2(05/09/2010) - COPYRIGHT 2009
Options: cobolComments=true;cobolStatementsASComments=true;javaType=most;longDataPackageName=true;overwrite=true;sourceFormat=free;
Parsing Cobol started for: C:\Documents and Settings\Venkat\Desktop\RES\cobol\CSISEmailDomain.cbl
Translation to Java started.
The java classes are under the folder: C:\Documents and Settings\Venkat\Desktop\RES\cobol
Classes from translation of programs reside in the package: cobolprogramclasses
Classes from translation of data levels reside in the package: coboldataclasses
Done in 0s.

RES Cobol 2 Java alpha1.2(05/09/2010) - COPYRIGHT 2009
Options: cobolComments=true;cobolStatementsASComments=true;javaType=most;longDataPackageName=true;overwrite=true;sourceFormat=free;
Parsing Cobol started for: C:\Documents and Settings\Venkat\Desktop\RES\cobol\DateDriver.cbl
Translation to Java started.
The java classes are under the folder: C:\Documents and Settings\Venkat\Desktop\RES\cobol
Classes from translation of programs reside in the package: cobolprogramclasses
Classes from translation of data levels reside in the package: coboldataclasses
Done in 0s.

RES Cobol 2 Java alpha1.2(05/09/2010) - COPYRIGHT 2009
Options: cobolComments=true;cobolStatementsASComments=true;javaType=most;longDataPackageName=true;overwrite=true;sourceFormat=free;
Parsing Cobol started for: C:\Documents and Settings\Venkat\Desktop\RES\cobol\DayDiffDriver.cbl
Translation to Java started.
The java classes are under the folder: C:\Documents and Settings\Venkat\Desktop\RES\cobol
Classes from translation of programs reside in the package: cobolprogramclasses
Classes from translation of data levels reside in the package: coboldataclasses
Done in 0s.

RES Cobol 2 Java alpha1.2(05/09/2010) - COPYRIGHT 2009
Options: cobolComments=true;cobolStatementsASComments=true;javaType=most;longDataPackageName=true;overwrite=true;sourceFormat=free;
Parsing Cobol started for: C:\Documents and Settings\Venkat\Desktop\RES\cobol\DirectReadIdx.cbl
Translation to Java started.
The java classes are under the folder: C:\Documents and Settings\Venkat\Desktop\RES\cobol
Classes from translation of programs reside in the package: cobolprogramclasses
Classes from translation of data levels reside in the package: coboldataclasses
Done in 0s.

RES Cobol 2 Java alpha1.2(05/09/2010) - COPYRIGHT 2009
Options: cobolComments=true;cobolStatementsASComments=true;javaType=most;longDataPackageName=true;overwrite=true;sourceFormat=free;
Parsing Cobol started for: C:\Documents and Settings\Venkat\Desktop\RES\cobol\DriverProg.cbl
Translation to Java started.
The java classes are under the folder: C:\Documents and Settings\Venkat\Desktop\RES\cobol
Classes from translation of programs reside in the package: cobolprogramclasses
Classes from translation of data levels reside in the package: coboldataclasses
Done in 0s.

RES Cobol 2 Java alpha1.2(05/09/2010) - COPYRIGHT 2009
Options: cobolComments=true;cobolStatementsASComments=true;javaType=most;longDataPackageName=true;overwrite=true;sourceFormat=free;
Parsing Cobol started for: C:\Documents and Settings\Venkat\Desktop\RES\cobol\DueSubsRpt.CBL
Translation to Java started.
The java classes are under the folder: C:\Documents and Settings\Venkat\Desktop\RES\cobol
Classes from translation of programs reside in the package: cobolprogramclasses
Classes from translation of data levels reside in the package: coboldataclasses
Done in 1s.

RES Cobol 2 Java alpha1.2(05/09/2010) - COPYRIGHT 2009
Options: cobolComments=true;cobolStatementsASComments=true;javaType=most;longDataPackageName=true;overwrite=true;sourceFormat=free;
Parsing Cobol started for: C:\Documents and Settings\Venkat\Desktop\RES\cobol\Fickle.cbl
Translation to Java started.
The java classes are under the folder: C:\Documents and Settings\Venkat\Desktop\RES\cobol
Classes from translation of programs reside in the package: cobolprogramclasses
Classes from translation of data levels reside in the package: coboldataclasses
Done in 0s.

RES Cobol 2 Java alpha1.2(05/09/2010) - COPYRIGHT 2009
Options: cobolComments=true;cobolStatementsASComments=true;javaType=most;longDataPackageName=true;overwrite=true;sourceFormat=free;
Parsing Cobol started for: C:\Documents and Settings\Venkat\Desktop\RES\cobol\FileConv.cbl
Translation to Java started.
The java classes are under the folder: C:\Documents and Settings\Venkat\Desktop\RES\cobol
Classes from translation of programs reside in the package: cobolprogramclasses
Classes from translation of data levels reside in the package: coboldataclasses
Done in 0s.

RES Cobol 2 Java alpha1.2(05/09/2010) - COPYRIGHT 2009
Options: cobolComments=true;cobolStatementsASComments=true;javaType=most;longDataPackageName=true;overwrite=true;sourceFormat=free;
Parsing Cobol started for: C:\Documents and Settings\Venkat\Desktop\RES\cobol\FlyByNight.CBL
Translation to Java started.
The java classes are under the folder: C:\Documents and Settings\Venkat\Desktop\RES\cobol
Classes from translation of programs reside in the package: cobolprogramclasses
Classes from translation of data levels reside in the package: coboldataclasses
Done in 0s.

RES Cobol 2 Java alpha1.2(05/09/2010) - COPYRIGHT 2009
Options: cobolComments=true;cobolStatementsASComments=true;javaType=most;longDataPackageName=true;overwrite=true;sourceFormat=free;
Parsing Cobol started for: C:\Documents and Settings\Venkat\Desktop\RES\cobol\InputSort.CBL
Translation to Java started.
The java classes are under the folder: C:\Documents and Settings\Venkat\Desktop\RES\cobol
Classes from translation of programs reside in the package: cobolprogramclasses
Classes from translation of data levels reside in the package: coboldataclasses
Done in 0s.

RES Cobol 2 Java alpha1.2(05/09/2010) - COPYRIGHT 2009
Options: cobolComments=true;cobolStatementsASComments=true;javaType=most;longDataPackageName=true;overwrite=true;sourceFormat=free;
Parsing Cobol started for: C:\Documents and Settings\Venkat\Desktop\RES\cobol\LibRoyaltyRpt.Cbl
Translation to Java started.
The java classes are under the folder: C:\Documents and Settings\Venkat\Desktop\RES\cobol
Classes from translation of programs reside in the package: cobolprogramclasses
Classes from translation of data levels reside in the package: coboldataclasses
Done in 1s.

RES Cobol 2 Java alpha1.2(05/09/2010) - COPYRIGHT 2009
Options: cobolComments=true;cobolStatementsASComments=true;javaType=most;longDataPackageName=true;overwrite=true;sourceFormat=free;
Parsing Cobol started for: C:\Documents and Settings\Venkat\Desktop\RES\cobol\MaleSort.CBL
Translation to Java started.
The java classes are under the folder: C:\Documents and Settings\Venkat\Desktop\RES\cobol
Classes from translation of programs reside in the package: cobolprogramclasses
Classes from translation of data levels reside in the package: coboldataclasses
Done in 0s.

RES Cobol 2 Java alpha1.2(05/09/2010) - COPYRIGHT 2009
Options: cobolComments=true;cobolStatementsASComments=true;javaType=most;longDataPackageName=true;overwrite=true;sourceFormat=free;
Parsing Cobol started for: C:\Documents and Settings\Venkat\Desktop\RES\cobol\Merge.CBL
Translation to Java started.
The java classes are under the folder: C:\Documents and Settings\Venkat\Desktop\RES\cobol
Classes from translation of programs reside in the package: cobolprogramclasses
Classes from translation of data levels reside in the package: coboldataclasses
Done in 0s.

RES Cobol 2 Java alpha1.2(05/09/2010) - COPYRIGHT 2009
Options: cobolComments=true;cobolStatementsASComments=true;javaType=most;longDataPackageName=true;overwrite=true;sourceFormat=free;
Parsing Cobol started for: C:\Documents and Settings\Venkat\Desktop\RES\cobol\MileageCount.CBL
Translation to Java started.
The java classes are under the folder: C:\Documents and Settings\Venkat\Desktop\RES\cobol
Classes from translation of programs reside in the package: cobolprogramclasses
Classes from translation of data levels reside in the package: coboldataclasses
Done in 0s.

RES Cobol 2 Java alpha1.2(05/09/2010) - COPYRIGHT 2009
Options: cobolComments=true;cobolStatementsASComments=true;javaType=most;longDataPackageName=true;overwrite=true;
Parsing Cobol started for: C:\Documents and Settings\Venkat\Desktop\RES\cobol\MONEY.CBL
com.res.cobol.parser.ParseException: Encountered " "at" "AT "" at line 147, column 16.
Was expecting:
    <EOF> 
    
com.res.cobol.parser.ParseException: Encountered " "at" "AT "" at line 147, column 16.
Was expecting:
    <EOF> 
    
Errors encountered. Processing terminated.
Done in 0s.

RES Cobol 2 Java alpha1.2(05/09/2010) - COPYRIGHT 2009
Options: cobolComments=true;cobolStatementsASComments=true;javaType=most;longDataPackageName=true;overwrite=true;sourceFormat=free;
Parsing Cobol started for: C:\Documents and Settings\Venkat\Desktop\RES\cobol\MultiplyNums.cbl
Translation to Java started.
The java classes are under the folder: C:\Documents and Settings\Venkat\Desktop\RES\cobol
Classes from translation of programs reside in the package: cobolprogramclasses
Classes from translation of data levels reside in the package: coboldataclasses
Done in 0s.

RES Cobol 2 Java alpha1.2(05/09/2010) - COPYRIGHT 2009
Options: cobolComments=true;cobolStatementsASComments=true;javaType=most;longDataPackageName=true;overwrite=true;sourceFormat=free;
Parsing Cobol started for: C:\Documents and Settings\Venkat\Desktop\RES\cobol\Perform2.CBL
Translation to Java started.
The java classes are under the folder: C:\Documents and Settings\Venkat\Desktop\RES\cobol
Classes from translation of programs reside in the package: cobolprogramclasses
Classes from translation of data levels reside in the package: coboldataclasses
Done in 0s.

RES Cobol 2 Java alpha1.2(05/09/2010) - COPYRIGHT 2009
Options: cobolComments=true;cobolStatementsASComments=true;javaType=most;longDataPackageName=true;overwrite=true;sourceFormat=free;
Parsing Cobol started for: C:\Documents and Settings\Venkat\Desktop\RES\cobol\Perform3.CBL
Translation to Java started.
The java classes are under the folder: C:\Documents and Settings\Venkat\Desktop\RES\cobol
Classes from translation of programs reside in the package: cobolprogramclasses
Classes from translation of data levels reside in the package: coboldataclasses
Done in 0s.

RES Cobol 2 Java alpha1.2(05/09/2010) - COPYRIGHT 2009
Options: cobolComments=true;cobolStatementsASComments=true;javaType=most;longDataPackageName=true;overwrite=true;sourceFormat=free;
Parsing Cobol started for: C:\Documents and Settings\Venkat\Desktop\RES\cobol\Perform4.CBL
Translation to Java started.
The java classes are under the folder: C:\Documents and Settings\Venkat\Desktop\RES\cobol
Classes from translation of programs reside in the package: cobolprogramclasses
Classes from translation of data levels reside in the package: coboldataclasses
Done in 0s.

RES Cobol 2 Java alpha1.2(05/09/2010) - COPYRIGHT 2009
Options: cobolComments=true;cobolStatementsASComments=true;javaType=most;longDataPackageName=true;overwrite=true;sourceFormat=free;
Parsing Cobol started for: C:\Documents and Settings\Venkat\Desktop\RES\cobol\ReadRel.CBL
Translation to Java started.
The java classes are under the folder: C:\Documents and Settings\Venkat\Desktop\RES\cobol
Classes from translation of programs reside in the package: cobolprogramclasses
Classes from translation of data levels reside in the package: coboldataclasses
Done in 0s.

RES Cobol 2 Java alpha1.2(05/09/2010) - COPYRIGHT 2009
Options: cobolComments=true;cobolStatementsASComments=true;javaType=most;longDataPackageName=true;overwrite=true;sourceFormat=free;
Parsing Cobol started for: C:\Documents and Settings\Venkat\Desktop\RES\cobol\RepWriteA.cbl
com.res.cobol.parser.ParseException: Encountered " "working-storage" "WORKING-STORAGE "" at line 25, column 1.
Was expecting:
    <EOF> 
    
com.res.cobol.parser.ParseException: Encountered " "working-storage" "WORKING-STORAGE "" at line 25, column 1.
Was expecting:
    <EOF> 
    
Errors encountered. Processing terminated.
Done in 0s.

RES Cobol 2 Java alpha1.2(05/09/2010) - COPYRIGHT 2009
Options: cobolComments=true;cobolStatementsASComments=true;javaType=most;longDataPackageName=true;overwrite=true;sourceFormat=free;
Parsing Cobol started for: C:\Documents and Settings\Venkat\Desktop\RES\cobol\RepWriteB.cbl
com.res.cobol.parser.ParseException: Encountered " "working-storage" "WORKING-STORAGE "" at line 26, column 1.
Was expecting:
    <EOF> 
    
com.res.cobol.parser.ParseException: Encountered " "working-storage" "WORKING-STORAGE "" at line 26, column 1.
Was expecting:
    <EOF> 
    
Errors encountered. Processing terminated.
Done in 0s.

RES Cobol 2 Java alpha1.2(05/09/2010) - COPYRIGHT 2009
Options: cobolComments=true;cobolStatementsASComments=true;javaType=most;longDataPackageName=true;overwrite=true;sourceFormat=free;
Parsing Cobol started for: C:\Documents and Settings\Venkat\Desktop\RES\cobol\RepWriteFull.cbl
com.res.cobol.parser.ParseException: Encountered " "working-storage" "WORKING-STORAGE "" at line 24, column 1.
Was expecting:
    <EOF> 
    
com.res.cobol.parser.ParseException: Encountered " "working-storage" "WORKING-STORAGE "" at line 24, column 1.
Was expecting:
    <EOF> 
    
Errors encountered. Processing terminated.
Done in 0s.

RES Cobol 2 Java alpha1.2(05/09/2010) - COPYRIGHT 2009
Options: cobolComments=true;cobolStatementsASComments=true;javaType=most;longDataPackageName=true;overwrite=true;sourceFormat=free;
Parsing Cobol started for: C:\Documents and Settings\Venkat\Desktop\RES\cobol\RepWriteSumm.cbl
com.res.cobol.parser.ParseException: Encountered " "working-storage" "WORKING-STORAGE "" at line 24, column 1.
Was expecting:
    <EOF> 
    
com.res.cobol.parser.ParseException: Encountered " "working-storage" "WORKING-STORAGE "" at line 24, column 1.
Was expecting:
    <EOF> 
    
Errors encountered. Processing terminated.
Done in 0s.

RES Cobol 2 Java alpha1.2(05/09/2010) - COPYRIGHT 2009
Options: cobolComments=true;cobolStatementsASComments=true;javaType=most;longDataPackageName=true;overwrite=true;sourceFormat=free;
Parsing Cobol started for: C:\Documents and Settings\Venkat\Desktop\RES\cobol\Seq2Index.cbl
Translation to Java started.
The java classes are under the folder: C:\Documents and Settings\Venkat\Desktop\RES\cobol
Classes from translation of programs reside in the package: cobolprogramclasses
Classes from translation of data levels reside in the package: coboldataclasses
Done in 0s.

RES Cobol 2 Java alpha1.2(05/09/2010) - COPYRIGHT 2009
Options: cobolComments=true;cobolStatementsASComments=true;javaType=most;longDataPackageName=true;overwrite=true;sourceFormat=free;
Parsing Cobol started for: C:\Documents and Settings\Venkat\Desktop\RES\cobol\Seq2Rel.CBL
Translation to Java started.
The java classes are under the folder: C:\Documents and Settings\Venkat\Desktop\RES\cobol
Classes from translation of programs reside in the package: cobolprogramclasses
Classes from translation of data levels reside in the package: coboldataclasses
Done in 0s.

RES Cobol 2 Java alpha1.2(05/09/2010) - COPYRIGHT 2009
Options: cobolComments=true;cobolStatementsASComments=true;javaType=most;longDataPackageName=true;overwrite=true;sourceFormat=free;
Parsing Cobol started for: C:\Documents and Settings\Venkat\Desktop\RES\cobol\SeqInsert.CBL
Translation to Java started.
The java classes are under the folder: C:\Documents and Settings\Venkat\Desktop\RES\cobol
Classes from translation of programs reside in the package: cobolprogramclasses
Classes from translation of data levels reside in the package: coboldataclasses
Done in 0s.

RES Cobol 2 Java alpha1.2(05/09/2010) - COPYRIGHT 2009
Options: cobolComments=true;cobolStatementsASComments=true;javaType=most;longDataPackageName=true;overwrite=true;sourceFormat=free;
Parsing Cobol started for: C:\Documents and Settings\Venkat\Desktop\RES\cobol\SeqRead.CBL
Translation to Java started.
The java classes are under the folder: C:\Documents and Settings\Venkat\Desktop\RES\cobol
Classes from translation of programs reside in the package: cobolprogramclasses
Classes from translation of data levels reside in the package: coboldataclasses
Done in 0s.

RES Cobol 2 Java alpha1.2(05/09/2010) - COPYRIGHT 2009
Options: cobolComments=true;cobolStatementsASComments=true;javaType=most;longDataPackageName=true;overwrite=true;sourceFormat=free;
Parsing Cobol started for: C:\Documents and Settings\Venkat\Desktop\RES\cobol\SeqReadIdx.cbl
Translation to Java started.
The java classes are under the folder: C:\Documents and Settings\Venkat\Desktop\RES\cobol
Classes from translation of programs reside in the package: cobolprogramclasses
Classes from translation of data levels reside in the package: coboldataclasses
Done in 0s.

RES Cobol 2 Java alpha1.2(05/09/2010) - COPYRIGHT 2009
Options: cobolComments=true;cobolStatementsASComments=true;javaType=most;longDataPackageName=true;overwrite=true;sourceFormat=free;
Parsing Cobol started for: C:\Documents and Settings\Venkat\Desktop\RES\cobol\SeqReadno88.CBL
Translation to Java started.
The java classes are under the folder: C:\Documents and Settings\Venkat\Desktop\RES\cobol
Classes from translation of programs reside in the package: cobolprogramclasses
Classes from translation of data levels reside in the package: coboldataclasses
Done in 0s.

RES Cobol 2 Java alpha1.2(05/09/2010) - COPYRIGHT 2009
Options: cobolComments=true;cobolStatementsASComments=true;javaType=most;longDataPackageName=true;overwrite=true;sourceFormat=free;
Parsing Cobol started for: C:\Documents and Settings\Venkat\Desktop\RES\cobol\SeqRpt.CBL
Translation to Java started.
The java classes are under the folder: C:\Documents and Settings\Venkat\Desktop\RES\cobol
Classes from translation of programs reside in the package: cobolprogramclasses
Classes from translation of data levels reside in the package: coboldataclasses
Done in 0s.

RES Cobol 2 Java alpha1.2(05/09/2010) - COPYRIGHT 2009
Options: cobolComments=true;cobolStatementsASComments=true;javaType=most;longDataPackageName=true;overwrite=true;sourceFormat=free;
Parsing Cobol started for: C:\Documents and Settings\Venkat\Desktop\RES\cobol\SeqWrite.CBL
Translation to Java started.
The java classes are under the folder: C:\Documents and Settings\Venkat\Desktop\RES\cobol
Classes from translation of programs reside in the package: cobolprogramclasses
Classes from translation of data levels reside in the package: coboldataclasses
Done in 0s.

RES Cobol 2 Java alpha1.2(05/09/2010) - COPYRIGHT 2009
Options: cobolComments=true;cobolStatementsASComments=true;javaType=most;longDataPackageName=true;overwrite=true;sourceFormat=free;
Parsing Cobol started for: C:\Documents and Settings\Venkat\Desktop\RES\cobol\sfbymail.cbl
Translation to Java started.
The java classes are under the folder: C:\Documents and Settings\Venkat\Desktop\RES\cobol
Classes from translation of programs reside in the package: cobolprogramclasses
Classes from translation of data levels reside in the package: coboldataclasses
Done in 0s.

RES Cobol 2 Java alpha1.2(05/09/2010) - COPYRIGHT 2009
Options: cobolComments=true;cobolStatementsASComments=true;javaType=most;longDataPackageName=true;overwrite=true;sourceFormat=free;
Parsing Cobol started for: C:\Documents and Settings\Venkat\Desktop\RES\cobol\Steadfast.cbl
Translation to Java started.
The java classes are under the folder: C:\Documents and Settings\Venkat\Desktop\RES\cobol
Classes from translation of programs reside in the package: cobolprogramclasses
Classes from translation of data levels reside in the package: coboldataclasses
Done in 0s.

RES Cobol 2 Java alpha1.2(05/09/2010) - COPYRIGHT 2009
Options: cobolComments=true;cobolStatementsASComments=true;javaType=most;longDataPackageName=true;overwrite=true;sourceFormat=free;
Parsing Cobol started for: C:\Documents and Settings\Venkat\Desktop\RES\cobol\STUDFEES.CBL
Translation to Java started.
The java classes are under the folder: C:\Documents and Settings\Venkat\Desktop\RES\cobol
Classes from translation of programs reside in the package: cobolprogramclasses
Classes from translation of data levels reside in the package: coboldataclasses
Done in 1s.

RES Cobol 2 Java alpha1.2(05/09/2010) - COPYRIGHT 2009
Options: cobolComments=true;cobolStatementsASComments=true;javaType=most;longDataPackageName=true;overwrite=true;sourceFormat=free;
Parsing Cobol started for: C:\Documents and Settings\Venkat\Desktop\RES\cobol\TopSupplierRpt.Cbl
Translation to Java started.
The java classes are under the folder: C:\Documents and Settings\Venkat\Desktop\RES\cobol
Classes from translation of programs reside in the package: cobolprogramclasses
Classes from translation of data levels reside in the package: coboldataclasses
Done in 1s.

RES Cobol 2 Java alpha1.2(05/09/2010) - COPYRIGHT 2009
Options: cobolComments=true;cobolStatementsASComments=true;javaType=most;longDataPackageName=true;overwrite=true;sourceFormat=free;
Parsing Cobol started for: C:\Documents and Settings\Venkat\Desktop\RES\cobol\UnstringFileEg.cbl
Translation to Java started.
The java classes are under the folder: C:\Documents and Settings\Venkat\Desktop\RES\cobol
Classes from translation of programs reside in the package: cobolprogramclasses
Classes from translation of data levels reside in the package: coboldataclasses
Done in 0s.

RES Cobol 2 Java alpha1.2(05/09/2010) - COPYRIGHT 2009
Options: cobolComments=true;cobolStatementsASComments=true;javaType=most;longDataPackageName=true;overwrite=true;sourceFormat=free;
Parsing Cobol started for: C:\Documents and Settings\Venkat\Desktop\RES\cobol\USSRSHIP.CBL
Translation to Java started.
The java classes are under the folder: C:\Documents and Settings\Venkat\Desktop\RES\cobol
Classes from translation of programs reside in the package: cobolprogramclasses
Classes from translation of data levels reside in the package: coboldataclasses
Done in 1s.

RES Cobol 2 Java alpha1.2(05/09/2010) - COPYRIGHT 2009
Options: cobolComments=true;cobolStatementsASComments=true;javaType=most;longDataPackageName=true;overwrite=true;sourceFormat=free;
Parsing Cobol started for: C:\Documents and Settings\Venkat\Desktop\RES\cobol\Validate.cbl
Translation to Java started.
The java classes are under the folder: C:\Documents and Settings\Venkat\Desktop\RES\cobol
Classes from translation of programs reside in the package: cobolprogramclasses
Classes from translation of data levels reside in the package: coboldataclasses
Done in 0s.

