#
# A fatal error has been detected by the Java Runtime Environment:
#
#  EXCEPTION_ACCESS_VIOLATION (0xc0000005) at pc=0x6d9bd1ff, pid=5044, tid=5016
#
# JRE version: 6.0_19-b04
# Java VM: Java HotSpot(TM) Client VM (16.2-b04 mixed mode windows-x86 )
# Problematic frame:
# V  [jvm.dll+0x10d1ff]
#
# If you would like to submit a bug report, please visit:
#   http://java.sun.com/webapps/bugreport/crash.jsp
#

---------------  T H R E A D  ---------------

Current thread (0x16b34800):  JavaThread "JDWP Transport Listener: dt_socket" daemon [_thread_in_vm, id=5016, stack(0x16d50000,0x16da0000)]

siginfo: ExceptionCode=0xc0000005, reading address 0x00000004

Registers:
EAX=0x16b9cc80, EBX=0x00000000, ECX=0x000071ee, EDX=0x00000000
ESP=0x16d9fc40, EBP=0x16d9fc44, ESI=0x00000000, EDI=0x00395090
EIP=0x6d9bd1ff, EFLAGS=0x00010202

Top of Stack: (sp=0x16d9fc40)
0x16d9fc40:   16b34800 16d9fc6c 6d9e2e02 16b9cc80
0x16d9fc50:   16d9fcf0 16d9fca7 16b34800 00000000
0x16d9fc60:   00000000 00000000 16b34800 16d9fca8
0x16d9fc70:   6d44976e 00395090 16b9cc80 16d9fca7
0x16d9fc80:   16b9cc80 6d4342c9 16b9cc80 16d9fca7
0x16d9fc90:   00000033 00000000 00000000 00000008
0x16d9fca0:   00000000 00d9fcc8 16d9fcc8 6d434434
0x16d9fcb0:   00000001 16d9fce4 16d9fe80 6d452b02 

Instructions: (pc=0x6d9bd1ff)
0x6d9bd1ef:   cc 55 8b ec 8b 45 08 85 c0 75 02 5d c3 56 8b 30
0x6d9bd1ff:   8b 46 04 8d 48 08 8b 01 ff 90 94 00 00 00 f6 d8 


Stack: [0x16d50000,0x16da0000],  sp=0x16d9fc40,  free space=13f16d9f774k
Native frames: (J=compiled Java code, j=interpreted, Vv=VM code, C=native code)
V  [jvm.dll+0x10d1ff]
V  [jvm.dll+0x132e02]
C  [jdwp.dll+0x1976e]
C  [jdwp.dll+0x4434]
C  [jdwp.dll+0x4472]
C  [jdwp.dll+0x17d53]
V  [jvm.dll+0x17f96c]
C  [msvcr71.dll+0x9565]
C  [kernel32.dll+0xb699]


---------------  P R O C E S S  ---------------

Java Threads: ( => current thread )
  0x16b48800 JavaThread "Low Memory Detector" daemon [_thread_blocked, id=604, stack(0x16e90000,0x16ee0000)]
  0x16b46400 JavaThread "CompilerThread0" daemon [_thread_blocked, id=196, stack(0x16e40000,0x16e90000)]
  0x16b38800 JavaThread "JDWP Command Reader" daemon [_thread_in_native, id=5248, stack(0x16df0000,0x16e40000)]
  0x16b37000 JavaThread "JDWP Event Helper Thread" daemon [_thread_blocked, id=5116, stack(0x16da0000,0x16df0000)]
=>0x16b34800 JavaThread "JDWP Transport Listener: dt_socket" daemon [_thread_in_vm, id=5016, stack(0x16d50000,0x16da0000)]
  0x16b29800 JavaThread "Attach Listener" daemon [_thread_blocked, id=4004, stack(0x16ce0000,0x16d30000)]
  0x16b28000 JavaThread "Signal Dispatcher" daemon [_thread_blocked, id=4604, stack(0x16c90000,0x16ce0000)]
  0x16b17c00 JavaThread "Finalizer" daemon [_thread_blocked, id=3952, stack(0x16c40000,0x16c90000)]
  0x16b13400 JavaThread "Reference Handler" daemon [_thread_blocked, id=5144, stack(0x16bf0000,0x16c40000)]
  0x00397000 JavaThread "main" [_thread_blocked, id=5276, stack(0x003a0000,0x003f0000)]

Other Threads:
  0x16b10800 VMThread [stack: 0x16ba0000,0x16bf0000] [id=5252]
  0x16b4a800 WatcherThread [stack: 0x16ee0000,0x16f30000] [id=3372]

VM state:not at safepoint (normal execution)

VM Mutex/Monitor currently owned by a thread: None

Heap
 def new generation   total 4928K, used 1907K [0x02960000, 0x02eb0000, 0x07eb0000)
  eden space 4416K,  43% used [0x02960000, 0x02b3ced8, 0x02db0000)
  from space 512K,   0% used [0x02db0000, 0x02db0000, 0x02e30000)
  to   space 512K,   0% used [0x02e30000, 0x02e30000, 0x02eb0000)
 tenured generation   total 10944K, used 0K [0x07eb0000, 0x08960000, 0x12960000)
   the space 10944K,   0% used [0x07eb0000, 0x07eb0000, 0x07eb0200, 0x08960000)
 compacting perm gen  total 12288K, used 3117K [0x12960000, 0x13560000, 0x16960000)
   the space 12288K,  25% used [0x12960000, 0x12c6b4f8, 0x12c6b600, 0x13560000)
No shared spaces configured.

Dynamic libraries:
0x00400000 - 0x00424000 	C:\Program Files\Java\jdk1.6.0_19\bin\javaw.exe
0x7c900000 - 0x7c9b2000 	C:\WINDOWS\system32\ntdll.dll
0x7c800000 - 0x7c8f5000 	C:\WINDOWS\system32\kernel32.dll
0x77dd0000 - 0x77e6b000 	C:\WINDOWS\system32\ADVAPI32.dll
0x77e70000 - 0x77f02000 	C:\WINDOWS\system32\RPCRT4.dll
0x77fe0000 - 0x77ff1000 	C:\WINDOWS\system32\Secur32.dll
0x77d40000 - 0x77dd0000 	C:\WINDOWS\system32\USER32.dll
0x77f10000 - 0x77f58000 	C:\WINDOWS\system32\GDI32.dll
0x7c340000 - 0x7c396000 	C:\Program Files\Java\jdk1.6.0_19\jre\bin\msvcr71.dll
0x6d8b0000 - 0x6db47000 	C:\Program Files\Java\jdk1.6.0_19\jre\bin\client\jvm.dll
0x76b40000 - 0x76b6d000 	C:\WINDOWS\system32\WINMM.dll
0x6d860000 - 0x6d86c000 	C:\Program Files\Java\jdk1.6.0_19\jre\bin\verify.dll
0x6d3e0000 - 0x6d3ff000 	C:\Program Files\Java\jdk1.6.0_19\jre\bin\java.dll
0x6d340000 - 0x6d348000 	C:\Program Files\Java\jdk1.6.0_19\jre\bin\hpi.dll
0x76bf0000 - 0x76bfb000 	C:\WINDOWS\system32\PSAPI.DLL
0x6d430000 - 0x6d459000 	C:\Program Files\Java\jdk1.6.0_19\jre\bin\jdwp.dll
0x6d750000 - 0x6d756000 	C:\Program Files\Java\jdk1.6.0_19\jre\bin\npt.dll
0x6d8a0000 - 0x6d8af000 	C:\Program Files\Java\jdk1.6.0_19\jre\bin\zip.dll
0x6d2b0000 - 0x6d2b7000 	C:\Program Files\Java\jdk1.6.0_19\jre\bin\dt_socket.dll
0x71ab0000 - 0x71ac7000 	C:\WINDOWS\system32\WS2_32.dll
0x77c10000 - 0x77c68000 	C:\WINDOWS\system32\msvcrt.dll
0x71aa0000 - 0x71aa8000 	C:\WINDOWS\system32\WS2HELP.dll
0x71a50000 - 0x71a8f000 	C:\WINDOWS\System32\mswsock.dll
0x76f20000 - 0x76f47000 	C:\WINDOWS\system32\DNSAPI.dll
0x76fb0000 - 0x76fb8000 	C:\WINDOWS\System32\winrnr.dll
0x76f60000 - 0x76f8c000 	C:\WINDOWS\system32\WLDAP32.dll
0x76fc0000 - 0x76fc6000 	C:\WINDOWS\system32\rasadhlp.dll
0x662b0000 - 0x66308000 	C:\WINDOWS\system32\hnetcfg.dll
0x71a90000 - 0x71a98000 	C:\WINDOWS\System32\wshtcpip.dll

VM Arguments:
jvm_args: -agentlib:jdwp=transport=dt_socket,suspend=y,address=localhost:2746 -Dfile.encoding=Cp1252 
java_command: testpackage.Ic201a
Launcher Type: SUN_STANDARD

Environment Variables:
JAVA_HOME=C:\Program Files\Java\jdk1.6.0_19
PATH=C:\Program Files\Java\jdk1.6.0_19\jre\bin;C:/Program Files/Java/jre6/bin/client;C:/Program Files/Java/jre6/bin;C:\oraclexe\app\oracle\product\10.2.0\server\bin;C:\WINDOWS\system32;C:\WINDOWS;C:\WINDOWS\System32\Wbem;C:\Program Files\Java\jdk1.6.0_19\bin;C:\Program Files\TortoiseSVN\bin;C:\Documents and Settings\Venkat\Desktop\_All My Programs\apache-ant-1.7.1-bin\apache-ant-1.7.1\bin;C:\Documents and Settings\Venkat\Desktop\_All My Programs\windiff;C:\Documents and Settings\Venkat\Desktop\_All My Programs\javacc-4.2\bin
USERNAME=Venkat
OS=Windows_NT
PROCESSOR_IDENTIFIER=x86 Family 15 Model 4 Stepping 3, GenuineIntel



---------------  S Y S T E M  ---------------

OS: Windows XP Build 2600 Service Pack 2

CPU:total 1 (1 cores per cpu, 2 threads per core) family 15 model 4 stepping 3, cmov, cx8, fxsr, mmx, sse, sse2, sse3, ht

Memory: 4k page, physical 3405920k(2104056k free), swap 5334044k(3330100k free)

vm_info: Java HotSpot(TM) Client VM (16.2-b04) for windows-x86 JRE (1.6.0_19-b04), built on Mar  9 2010 00:48:41 by "java_re" with MS VC++ 7.1 (VS2003)

time: Sun May 16 16:38:16 2010
elapsed time: 142 seconds

