C:\Documents and Settings\Venkat\Desktop\_All My Programs\_RES-DEPLOY\RES\cobol\ACCEPT.cob
C:\Documents and Settings\Venkat\Desktop\_All My Programs\_RES-DEPLOY\RES\cobol\Addition.cob
C:\Documents and Settings\Venkat\Desktop\_All My Programs\_RES-DEPLOY\RES\cobol\Bubble-Sort.cob
C:\Documents and Settings\Venkat\Desktop\_All My Programs\_RES-DEPLOY\RES\cobol\Bubble-Sort2.cob
C:\Documents and Settings\Venkat\Desktop\_All My Programs\_RES-DEPLOY\RES\cobol\conditions.cob
C:\Documents and Settings\Venkat\Desktop\_All My Programs\_RES-DEPLOY\RES\cobol\DATET.COB
C:\Documents and Settings\Venkat\Desktop\_All My Programs\_RES-DEPLOY\RES\cobol\EXEC-SQL-RUN1.COB
C:\Documents and Settings\Venkat\Desktop\_All My Programs\_RES-DEPLOY\RES\cobol\EXEC-SQL1.COB
File not found : C:\Documents and Settings\Venkat\Desktop\_All My Programs\_RES-DEPLOY\RES\cobol\DDS-PROJECT.COB
C:\Documents and Settings\Venkat\Desktop\_All My Programs\_RES-DEPLOY\RES\cobol\EXEC-SQL1TEMP.COB
C:\Documents and Settings\Venkat\Desktop\_All My Programs\_RES-DEPLOY\RES\cobol\GETNUMT.COB
C:\Documents and Settings\Venkat\Desktop\_All My Programs\_RES-DEPLOY\RES\cobol\HelloWorld.cob
C:\Documents and Settings\Venkat\Desktop\_All My Programs\_RES-DEPLOY\RES\cobol\HelloWorld1.cob
C:\Documents and Settings\Venkat\Desktop\_All My Programs\_RES-DEPLOY\RES\cobol\INSPECT1.COB
C:\Documents and Settings\Venkat\Desktop\_All My Programs\_RES-DEPLOY\RES\cobol\IterIf.cob
C:\Documents and Settings\Venkat\Desktop\_All My Programs\_RES-DEPLOY\RES\cobol\LOANT.COB
C:\Documents and Settings\Venkat\Desktop\_All My Programs\_RES-DEPLOY\RES\cobol\MONEYT.COB
C:\Documents and Settings\Venkat\Desktop\_All My Programs\_RES-DEPLOY\RES\cobol\Move-Test1.cob
C:\Documents and Settings\Venkat\Desktop\_All My Programs\_RES-DEPLOY\RES\cobol\MULTIPLIER.cob
C:\Documents and Settings\Venkat\Desktop\_All My Programs\_RES-DEPLOY\RES\cobol\NAMET.COB
C:\Documents and Settings\Venkat\Desktop\_All My Programs\_RES-DEPLOY\RES\cobol\Perform1.cob
C:\Documents and Settings\Venkat\Desktop\_All My Programs\_RES-DEPLOY\RES\cobol\REFMODIFICATION.COB
C:\Documents and Settings\Venkat\Desktop\_All My Programs\_RES-DEPLOY\RES\cobol\SHELSRTT.COB
C:\Documents and Settings\Venkat\Desktop\_All My Programs\_RES-DEPLOY\RES\cobol\Shortest.cob
C:\Documents and Settings\Venkat\Desktop\_All My Programs\_RES-DEPLOY\RES\cobol\Acme99.CBL
C:\Documents and Settings\Venkat\Desktop\_All My Programs\_RES-DEPLOY\RES\cobol\AROMA96.CBL
C:\Documents and Settings\Venkat\Desktop\_All My Programs\_RES-DEPLOY\RES\cobol\AromaSalesRpt.CBL
C:\Documents and Settings\Venkat\Desktop\_All My Programs\_RES-DEPLOY\RES\cobol\BestSellers.cbl
C:\Documents and Settings\Venkat\Desktop\_All My Programs\_RES-DEPLOY\RES\cobol\BookshopRpt91.Cbl
C:\Documents and Settings\Venkat\Desktop\_All My Programs\_RES-DEPLOY\RES\cobol\CSISEmailDomain.cbl
C:\Documents and Settings\Venkat\Desktop\_All My Programs\_RES-DEPLOY\RES\cobol\DateDriver.cbl
C:\Documents and Settings\Venkat\Desktop\_All My Programs\_RES-DEPLOY\RES\cobol\DayDiffDriver.cbl
C:\Documents and Settings\Venkat\Desktop\_All My Programs\_RES-DEPLOY\RES\cobol\DirectReadIdx.cbl
C:\Documents and Settings\Venkat\Desktop\_All My Programs\_RES-DEPLOY\RES\cobol\DriverProg.cbl
C:\Documents and Settings\Venkat\Desktop\_All My Programs\_RES-DEPLOY\RES\cobol\DueSubsRpt.CBL
C:\Documents and Settings\Venkat\Desktop\_All My Programs\_RES-DEPLOY\RES\cobol\Fickle.cbl
C:\Documents and Settings\Venkat\Desktop\_All My Programs\_RES-DEPLOY\RES\cobol\FileConv.cbl
C:\Documents and Settings\Venkat\Desktop\_All My Programs\_RES-DEPLOY\RES\cobol\FlyByNight.CBL
C:\Documents and Settings\Venkat\Desktop\_All My Programs\_RES-DEPLOY\RES\cobol\InputSort.CBL
C:\Documents and Settings\Venkat\Desktop\_All My Programs\_RES-DEPLOY\RES\cobol\LibRoyaltyRpt.Cbl
C:\Documents and Settings\Venkat\Desktop\_All My Programs\_RES-DEPLOY\RES\cobol\MaleSort.CBL
C:\Documents and Settings\Venkat\Desktop\_All My Programs\_RES-DEPLOY\RES\cobol\Merge.CBL
C:\Documents and Settings\Venkat\Desktop\_All My Programs\_RES-DEPLOY\RES\cobol\MileageCount.CBL
C:\Documents and Settings\Venkat\Desktop\_All My Programs\_RES-DEPLOY\RES\cobol\MONEY.CBL
C:\Documents and Settings\Venkat\Desktop\_All My Programs\_RES-DEPLOY\RES\cobol\MultiplyNums.cbl
C:\Documents and Settings\Venkat\Desktop\_All My Programs\_RES-DEPLOY\RES\cobol\Perform2.CBL
C:\Documents and Settings\Venkat\Desktop\_All My Programs\_RES-DEPLOY\RES\cobol\Perform3.CBL
C:\Documents and Settings\Venkat\Desktop\_All My Programs\_RES-DEPLOY\RES\cobol\Perform4.CBL
C:\Documents and Settings\Venkat\Desktop\_All My Programs\_RES-DEPLOY\RES\cobol\ReadRel.CBL
C:\Documents and Settings\Venkat\Desktop\_All My Programs\_RES-DEPLOY\RES\cobol\RepWriteA.cbl
C:\Documents and Settings\Venkat\Desktop\_All My Programs\_RES-DEPLOY\RES\cobol\RepWriteB.cbl
C:\Documents and Settings\Venkat\Desktop\_All My Programs\_RES-DEPLOY\RES\cobol\RepWriteFull.cbl
C:\Documents and Settings\Venkat\Desktop\_All My Programs\_RES-DEPLOY\RES\cobol\RepWriteSumm.cbl
C:\Documents and Settings\Venkat\Desktop\_All My Programs\_RES-DEPLOY\RES\cobol\Seq2Index.cbl
C:\Documents and Settings\Venkat\Desktop\_All My Programs\_RES-DEPLOY\RES\cobol\Seq2Rel.CBL
C:\Documents and Settings\Venkat\Desktop\_All My Programs\_RES-DEPLOY\RES\cobol\SeqInsert.CBL
C:\Documents and Settings\Venkat\Desktop\_All My Programs\_RES-DEPLOY\RES\cobol\SeqRead.CBL
C:\Documents and Settings\Venkat\Desktop\_All My Programs\_RES-DEPLOY\RES\cobol\SeqReadIdx.cbl
C:\Documents and Settings\Venkat\Desktop\_All My Programs\_RES-DEPLOY\RES\cobol\SeqReadno88.CBL
C:\Documents and Settings\Venkat\Desktop\_All My Programs\_RES-DEPLOY\RES\cobol\SeqRpt.CBL
C:\Documents and Settings\Venkat\Desktop\_All My Programs\_RES-DEPLOY\RES\cobol\SeqWrite.CBL
C:\Documents and Settings\Venkat\Desktop\_All My Programs\_RES-DEPLOY\RES\cobol\sfbymail.cbl
C:\Documents and Settings\Venkat\Desktop\_All My Programs\_RES-DEPLOY\RES\cobol\Steadfast.cbl
C:\Documents and Settings\Venkat\Desktop\_All My Programs\_RES-DEPLOY\RES\cobol\STUDFEES.CBL
C:\Documents and Settings\Venkat\Desktop\_All My Programs\_RES-DEPLOY\RES\cobol\TopSupplierRpt.Cbl
C:\Documents and Settings\Venkat\Desktop\_All My Programs\_RES-DEPLOY\RES\cobol\UnstringFileEg.cbl
C:\Documents and Settings\Venkat\Desktop\_All My Programs\_RES-DEPLOY\RES\cobol\USSRSHIP.CBL
C:\Documents and Settings\Venkat\Desktop\_All My Programs\_RES-DEPLOY\RES\cobol\Validate.cbl
